2025-03-11 19:00:38,340 [Worker-1: Loading available Gradle versions] INFO  o.e.b.c.i.u.g.PublishedGradleVersions - Gradle version information cache is out-of-date. Trying to update.
2025-03-14 12:36:28,382 [Worker-7: Loading available Gradle versions] INFO  o.e.b.c.i.u.g.PublishedGradleVersions - Gradle version information cache is out-of-date. Trying to update.
2025-03-17 12:41:15,467 [Worker-7: Loading available Gradle versions] INFO  o.e.b.c.i.u.g.PublishedGradleVersions - Gradle version information cache is out-of-date. Trying to update.
2025-03-23 15:03:00,577 [Worker-6: Loading available Gradle versions] INFO  o.e.b.c.i.u.g.PublishedGradleVersions - Gradle version information cache is out-of-date. Trying to update.
2025-03-28 10:12:42,447 [Worker-6: Loading available Gradle versions] INFO  o.e.b.c.i.u.g.PublishedGradleVersions - Gradle version information cache is up-to-date. Trying to read.
2025-03-28 10:16:59,562 [Worker-14: Creating project "CucumberBDD1"] INFO  o.e.m.c.i.l.LifecycleMappingFactory - Using org.eclipse.m2e.jdt.JarLifecycleMapping lifecycle mapping for MavenProject: CucumberBDD1:CucumberBDD1:0.0.1-SNAPSHOT @ D:\Pratik\CucumberBDD1\pom.xml.
2025-03-28 10:17:02,512 [Worker-14: Creating project "CucumberBDD1"] INFO  o.e.m.j.i.AbstractJavaProjectConfigurator - Adding source folder /CucumberBDD1/src/main/java
2025-03-28 10:17:02,515 [Worker-14: Creating project "CucumberBDD1"] INFO  o.e.m.j.i.AbstractJavaProjectConfigurator - Adding resource folder /CucumberBDD1/src/main/resources
2025-03-28 10:17:02,516 [Worker-14: Creating project "CucumberBDD1"] INFO  o.e.m.j.i.AbstractJavaProjectConfigurator - Adding source folder /CucumberBDD1/src/test/java
2025-03-28 10:17:02,516 [Worker-14: Creating project "CucumberBDD1"] INFO  o.e.m.j.i.AbstractJavaProjectConfigurator - Adding resource folder /CucumberBDD1/src/test/resources
2025-03-28 10:17:02,993 [Worker-14: Building] WARN  o.e.m.c.i.embedder.EclipseLogger - Using platform encoding (UTF-8 actually) to copy filtered resources, i.e. build is platform dependent!
2025-03-28 10:17:03,014 [Worker-14: Building] INFO  o.e.m.c.i.embedder.EclipseLogger - Copying 0 resource
2025-03-28 10:17:03,025 [Worker-14: Building] WARN  o.e.m.c.i.embedder.EclipseLogger - Using platform encoding (UTF-8 actually) to copy filtered resources, i.e. build is platform dependent!
2025-03-28 10:17:03,026 [Worker-14: Building] INFO  o.e.m.c.i.embedder.EclipseLogger - Copying 0 resource
2025-03-28 10:18:40,841 [Worker-24: Building] WARN  o.e.m.c.i.embedder.EclipseLogger - Using platform encoding (UTF-8 actually) to copy filtered resources, i.e. build is platform dependent!
2025-03-28 10:18:40,844 [Worker-24: Building] INFO  o.e.m.c.i.embedder.EclipseLogger - Copying 0 resource
2025-03-28 10:18:40,847 [Worker-24: Building] WARN  o.e.m.c.i.embedder.EclipseLogger - Using platform encoding (UTF-8 actually) to copy filtered resources, i.e. build is platform dependent!
2025-03-28 10:18:40,849 [Worker-24: Building] INFO  o.e.m.c.i.embedder.EclipseLogger - Copying 1 resource
2025-03-28 10:33:15,425 [Worker-25: Launching Home.feature] WARN  o.e.m.c.i.embedder.EclipseLogger - Using platform encoding (UTF-8 actually) to copy filtered resources, i.e. build is platform dependent!
2025-03-28 10:33:15,428 [Worker-25: Launching Home.feature] INFO  o.e.m.c.i.embedder.EclipseLogger - Copying 0 resource
2025-03-28 10:33:15,430 [Worker-25: Launching Home.feature] WARN  o.e.m.c.i.embedder.EclipseLogger - Using platform encoding (UTF-8 actually) to copy filtered resources, i.e. build is platform dependent!
2025-03-28 10:33:15,431 [Worker-25: Launching Home.feature] INFO  o.e.m.c.i.embedder.EclipseLogger - Copying 1 resource
2025-03-28 11:11:58,139 [Worker-33: Building] INFO  o.e.m.c.i.l.LifecycleMappingFactory - Using org.eclipse.m2e.jdt.JarLifecycleMapping lifecycle mapping for MavenProject: CucumberBDD1:CucumberBDD1:0.0.1-SNAPSHOT @ D:\Pratik\CucumberBDD1\pom.xml.
2025-03-28 11:12:04,793 [Worker-34: Download sources and javadoc] INFO  o.e.m.c.i.e.AbstractTransferListenerAdapter - Downloading https://repo.maven.apache.org/maven2/org/seleniumhq/selenium/selenium-java/4.30.0/selenium-java-4.30.0-sources.jar
2025-03-28 11:12:04,902 [Worker-34: Download sources and javadoc] INFO  o.e.m.c.i.e.AbstractTransferListenerAdapter - Downloaded https://repo.maven.apache.org/maven2/org/seleniumhq/selenium/selenium-java/4.30.0/selenium-java-4.30.0-sources.jar
2025-03-28 11:12:04,909 [Worker-34: Download sources and javadoc] INFO  o.e.m.j.internal.DownloadSourcesJob - Downloaded sources for org.seleniumhq.selenium:selenium-java:4.30.0
2025-03-28 11:12:05,037 [Worker-34: Download sources and javadoc] INFO  o.e.m.c.i.e.AbstractTransferListenerAdapter - Downloading https://repo.maven.apache.org/maven2/org/seleniumhq/selenium/selenium-api/4.30.0/selenium-api-4.30.0-sources.jar
2025-03-28 11:12:05,175 [Worker-34: Download sources and javadoc] INFO  o.e.m.c.i.e.AbstractTransferListenerAdapter - Downloaded https://repo.maven.apache.org/maven2/org/seleniumhq/selenium/selenium-api/4.30.0/selenium-api-4.30.0-sources.jar
2025-03-28 11:12:05,180 [Worker-34: Download sources and javadoc] INFO  o.e.m.j.internal.DownloadSourcesJob - Downloaded sources for org.seleniumhq.selenium:selenium-api:4.30.0
2025-03-28 11:12:05,264 [Worker-34: Download sources and javadoc] INFO  o.e.m.c.i.e.AbstractTransferListenerAdapter - Downloading https://repo.maven.apache.org/maven2/org/seleniumhq/selenium/selenium-chrome-driver/4.30.0/selenium-chrome-driver-4.30.0-sources.jar
2025-03-28 11:12:05,457 [Worker-34: Download sources and javadoc] INFO  o.e.m.c.i.e.AbstractTransferListenerAdapter - Downloaded https://repo.maven.apache.org/maven2/org/seleniumhq/selenium/selenium-chrome-driver/4.30.0/selenium-chrome-driver-4.30.0-sources.jar
2025-03-28 11:12:05,461 [Worker-34: Download sources and javadoc] INFO  o.e.m.j.internal.DownloadSourcesJob - Downloaded sources for org.seleniumhq.selenium:selenium-chrome-driver:4.30.0
2025-03-28 11:12:05,527 [Worker-34: Download sources and javadoc] INFO  o.e.m.c.i.e.AbstractTransferListenerAdapter - Downloading https://repo.maven.apache.org/maven2/org/seleniumhq/selenium/selenium-chromium-driver/4.30.0/selenium-chromium-driver-4.30.0-sources.jar
2025-03-28 11:12:05,807 [Worker-34: Download sources and javadoc] INFO  o.e.m.c.i.e.AbstractTransferListenerAdapter - Downloaded https://repo.maven.apache.org/maven2/org/seleniumhq/selenium/selenium-chromium-driver/4.30.0/selenium-chromium-driver-4.30.0-sources.jar
2025-03-28 11:12:05,810 [Worker-34: Download sources and javadoc] INFO  o.e.m.j.internal.DownloadSourcesJob - Downloaded sources for org.seleniumhq.selenium:selenium-chromium-driver:4.30.0
2025-03-28 11:12:05,904 [Worker-34: Download sources and javadoc] INFO  o.e.m.c.i.e.AbstractTransferListenerAdapter - Downloading https://repo.maven.apache.org/maven2/org/seleniumhq/selenium/selenium-json/4.30.0/selenium-json-4.30.0-sources.jar
2025-03-28 11:12:06,390 [Worker-34: Download sources and javadoc] INFO  o.e.m.c.i.e.AbstractTransferListenerAdapter - Downloaded https://repo.maven.apache.org/maven2/org/seleniumhq/selenium/selenium-json/4.30.0/selenium-json-4.30.0-sources.jar
2025-03-28 11:12:06,396 [Worker-34: Download sources and javadoc] INFO  o.e.m.j.internal.DownloadSourcesJob - Downloaded sources for org.seleniumhq.selenium:selenium-json:4.30.0
2025-03-28 11:12:06,465 [Worker-34: Download sources and javadoc] INFO  o.e.m.c.i.e.AbstractTransferListenerAdapter - Downloading https://repo.maven.apache.org/maven2/org/seleniumhq/selenium/selenium-manager/4.30.0/selenium-manager-4.30.0-sources.jar
2025-03-28 11:12:06,575 [Worker-34: Download sources and javadoc] INFO  o.e.m.c.i.e.AbstractTransferListenerAdapter - Downloaded https://repo.maven.apache.org/maven2/org/seleniumhq/selenium/selenium-manager/4.30.0/selenium-manager-4.30.0-sources.jar
2025-03-28 11:12:06,578 [Worker-34: Download sources and javadoc] INFO  o.e.m.j.internal.DownloadSourcesJob - Downloaded sources for org.seleniumhq.selenium:selenium-manager:4.30.0
2025-03-28 11:12:06,640 [Worker-34: Download sources and javadoc] INFO  o.e.m.c.i.e.AbstractTransferListenerAdapter - Downloading https://repo.maven.apache.org/maven2/org/seleniumhq/selenium/selenium-devtools-v132/4.30.0/selenium-devtools-v132-4.30.0-sources.jar
2025-03-28 11:12:06,749 [Worker-34: Download sources and javadoc] INFO  o.e.m.c.i.e.AbstractTransferListenerAdapter - Downloaded https://repo.maven.apache.org/maven2/org/seleniumhq/selenium/selenium-devtools-v132/4.30.0/selenium-devtools-v132-4.30.0-sources.jar
2025-03-28 11:12:06,753 [Worker-34: Download sources and javadoc] INFO  o.e.m.j.internal.DownloadSourcesJob - Downloaded sources for org.seleniumhq.selenium:selenium-devtools-v132:4.30.0
2025-03-28 11:12:06,823 [Worker-34: Download sources and javadoc] INFO  o.e.m.c.i.e.AbstractTransferListenerAdapter - Downloading https://repo.maven.apache.org/maven2/org/seleniumhq/selenium/selenium-devtools-v133/4.30.0/selenium-devtools-v133-4.30.0-sources.jar
2025-03-28 11:12:06,987 [Worker-34: Download sources and javadoc] INFO  o.e.m.c.i.e.AbstractTransferListenerAdapter - Downloaded https://repo.maven.apache.org/maven2/org/seleniumhq/selenium/selenium-devtools-v133/4.30.0/selenium-devtools-v133-4.30.0-sources.jar
2025-03-28 11:12:06,992 [Worker-34: Download sources and javadoc] INFO  o.e.m.j.internal.DownloadSourcesJob - Downloaded sources for org.seleniumhq.selenium:selenium-devtools-v133:4.30.0
2025-03-28 11:12:07,049 [Worker-34: Download sources and javadoc] INFO  o.e.m.c.i.e.AbstractTransferListenerAdapter - Downloading https://repo.maven.apache.org/maven2/org/seleniumhq/selenium/selenium-devtools-v134/4.30.0/selenium-devtools-v134-4.30.0-sources.jar
2025-03-28 11:12:07,209 [Worker-34: Download sources and javadoc] INFO  o.e.m.c.i.e.AbstractTransferListenerAdapter - Downloaded https://repo.maven.apache.org/maven2/org/seleniumhq/selenium/selenium-devtools-v134/4.30.0/selenium-devtools-v134-4.30.0-sources.jar
2025-03-28 11:12:07,214 [Worker-34: Download sources and javadoc] INFO  o.e.m.j.internal.DownloadSourcesJob - Downloaded sources for org.seleniumhq.selenium:selenium-devtools-v134:4.30.0
2025-03-28 11:12:07,272 [Worker-34: Download sources and javadoc] INFO  o.e.m.c.i.e.AbstractTransferListenerAdapter - Downloading https://repo.maven.apache.org/maven2/org/seleniumhq/selenium/selenium-edge-driver/4.30.0/selenium-edge-driver-4.30.0-sources.jar
2025-03-28 11:12:07,510 [Worker-34: Download sources and javadoc] INFO  o.e.m.c.i.e.AbstractTransferListenerAdapter - Downloaded https://repo.maven.apache.org/maven2/org/seleniumhq/selenium/selenium-edge-driver/4.30.0/selenium-edge-driver-4.30.0-sources.jar
2025-03-28 11:12:07,516 [Worker-34: Download sources and javadoc] INFO  o.e.m.j.internal.DownloadSourcesJob - Downloaded sources for org.seleniumhq.selenium:selenium-edge-driver:4.30.0
2025-03-28 11:12:07,614 [Worker-34: Download sources and javadoc] INFO  o.e.m.c.i.e.AbstractTransferListenerAdapter - Downloading https://repo.maven.apache.org/maven2/org/seleniumhq/selenium/selenium-firefox-driver/4.30.0/selenium-firefox-driver-4.30.0-sources.jar
2025-03-28 11:12:08,036 [Worker-34: Download sources and javadoc] INFO  o.e.m.c.i.e.AbstractTransferListenerAdapter - Downloaded https://repo.maven.apache.org/maven2/org/seleniumhq/selenium/selenium-firefox-driver/4.30.0/selenium-firefox-driver-4.30.0-sources.jar
2025-03-28 11:12:08,041 [Worker-34: Download sources and javadoc] INFO  o.e.m.j.internal.DownloadSourcesJob - Downloaded sources for org.seleniumhq.selenium:selenium-firefox-driver:4.30.0
2025-03-28 11:12:08,134 [Worker-34: Download sources and javadoc] INFO  o.e.m.c.i.e.AbstractTransferListenerAdapter - Downloading https://repo.maven.apache.org/maven2/org/seleniumhq/selenium/selenium-http/4.30.0/selenium-http-4.30.0-sources.jar
2025-03-28 11:12:08,608 [Worker-34: Download sources and javadoc] INFO  o.e.m.c.i.e.AbstractTransferListenerAdapter - Downloaded https://repo.maven.apache.org/maven2/org/seleniumhq/selenium/selenium-http/4.30.0/selenium-http-4.30.0-sources.jar
2025-03-28 11:12:08,612 [Worker-34: Download sources and javadoc] INFO  o.e.m.j.internal.DownloadSourcesJob - Downloaded sources for org.seleniumhq.selenium:selenium-http:4.30.0
2025-03-28 11:12:08,742 [Worker-34: Download sources and javadoc] INFO  o.e.m.c.i.e.AbstractTransferListenerAdapter - Downloading https://repo.maven.apache.org/maven2/org/seleniumhq/selenium/selenium-ie-driver/4.30.0/selenium-ie-driver-4.30.0-sources.jar
2025-03-28 11:12:08,946 [Worker-34: Download sources and javadoc] INFO  o.e.m.c.i.e.AbstractTransferListenerAdapter - Downloaded https://repo.maven.apache.org/maven2/org/seleniumhq/selenium/selenium-ie-driver/4.30.0/selenium-ie-driver-4.30.0-sources.jar
2025-03-28 11:12:08,950 [Worker-34: Download sources and javadoc] INFO  o.e.m.j.internal.DownloadSourcesJob - Downloaded sources for org.seleniumhq.selenium:selenium-ie-driver:4.30.0
2025-03-28 11:12:09,100 [Worker-34: Download sources and javadoc] INFO  o.e.m.c.i.e.AbstractTransferListenerAdapter - Downloading https://repo.maven.apache.org/maven2/org/seleniumhq/selenium/selenium-remote-driver/4.30.0/selenium-remote-driver-4.30.0-sources.jar
2025-03-28 11:12:09,234 [Worker-34: Download sources and javadoc] INFO  o.e.m.c.i.e.AbstractTransferListenerAdapter - Downloaded https://repo.maven.apache.org/maven2/org/seleniumhq/selenium/selenium-remote-driver/4.30.0/selenium-remote-driver-4.30.0-sources.jar
2025-03-28 11:12:09,237 [Worker-34: Download sources and javadoc] INFO  o.e.m.j.internal.DownloadSourcesJob - Downloaded sources for org.seleniumhq.selenium:selenium-remote-driver:4.30.0
2025-03-28 11:12:09,371 [Worker-34: Download sources and javadoc] INFO  o.e.m.c.i.e.AbstractTransferListenerAdapter - Downloading https://repo.maven.apache.org/maven2/com/google/guava/guava/33.4.5-jre/guava-33.4.5-jre-sources.jar
2025-03-28 11:12:09,718 [Worker-34: Download sources and javadoc] INFO  o.e.m.c.i.e.AbstractTransferListenerAdapter - Downloaded https://repo.maven.apache.org/maven2/com/google/guava/guava/33.4.5-jre/guava-33.4.5-jre-sources.jar
2025-03-28 11:12:09,723 [Worker-34: Download sources and javadoc] INFO  o.e.m.j.internal.DownloadSourcesJob - Downloaded sources for com.google.guava:guava:33.4.5-jre
2025-03-28 11:12:09,837 [Worker-34: Download sources and javadoc] INFO  o.e.m.c.i.e.AbstractTransferListenerAdapter - Downloading https://repo.maven.apache.org/maven2/com/google/guava/failureaccess/1.0.3/failureaccess-1.0.3-sources.jar
2025-03-28 11:12:09,967 [Worker-34: Download sources and javadoc] INFO  o.e.m.c.i.e.AbstractTransferListenerAdapter - Downloaded https://repo.maven.apache.org/maven2/com/google/guava/failureaccess/1.0.3/failureaccess-1.0.3-sources.jar
2025-03-28 11:12:09,970 [Worker-34: Download sources and javadoc] INFO  o.e.m.j.internal.DownloadSourcesJob - Downloaded sources for com.google.guava:failureaccess:1.0.3
2025-03-28 11:12:10,064 [Worker-34: Download sources and javadoc] INFO  o.e.m.c.i.e.AbstractTransferListenerAdapter - Downloading https://repo.maven.apache.org/maven2/io/opentelemetry/opentelemetry-api/1.48.0/opentelemetry-api-1.48.0-sources.jar
2025-03-28 11:12:10,178 [Worker-34: Download sources and javadoc] INFO  o.e.m.c.i.e.AbstractTransferListenerAdapter - Downloaded https://repo.maven.apache.org/maven2/io/opentelemetry/opentelemetry-api/1.48.0/opentelemetry-api-1.48.0-sources.jar
2025-03-28 11:12:10,182 [Worker-34: Download sources and javadoc] INFO  o.e.m.j.internal.DownloadSourcesJob - Downloaded sources for io.opentelemetry:opentelemetry-api:1.48.0
2025-03-28 11:12:10,296 [Worker-34: Download sources and javadoc] INFO  o.e.m.c.i.e.AbstractTransferListenerAdapter - Downloading https://repo.maven.apache.org/maven2/io/opentelemetry/opentelemetry-context/1.48.0/opentelemetry-context-1.48.0-sources.jar
2025-03-28 11:12:10,561 [Worker-33: Building] WARN  o.e.m.c.i.embedder.EclipseLogger - Using platform encoding (UTF-8 actually) to copy filtered resources, i.e. build is platform dependent!
2025-03-28 11:12:10,564 [Worker-33: Building] INFO  o.e.m.c.i.embedder.EclipseLogger - Copying 0 resource
2025-03-28 11:12:10,570 [Worker-33: Building] WARN  o.e.m.c.i.embedder.EclipseLogger - Using platform encoding (UTF-8 actually) to copy filtered resources, i.e. build is platform dependent!
2025-03-28 11:12:10,572 [Worker-33: Building] INFO  o.e.m.c.i.embedder.EclipseLogger - Copying 0 resource
2025-03-28 11:12:11,020 [Worker-34: Download sources and javadoc] INFO  o.e.m.c.i.e.AbstractTransferListenerAdapter - Downloaded https://repo.maven.apache.org/maven2/io/opentelemetry/opentelemetry-context/1.48.0/opentelemetry-context-1.48.0-sources.jar
2025-03-28 11:12:11,025 [Worker-34: Download sources and javadoc] INFO  o.e.m.j.internal.DownloadSourcesJob - Downloaded sources for io.opentelemetry:opentelemetry-context:1.48.0
2025-03-28 11:12:11,132 [Worker-34: Download sources and javadoc] INFO  o.e.m.c.i.e.AbstractTransferListenerAdapter - Downloading https://repo.maven.apache.org/maven2/io/opentelemetry/opentelemetry-exporter-logging/1.48.0/opentelemetry-exporter-logging-1.48.0-sources.jar
2025-03-28 11:12:11,533 [Worker-34: Download sources and javadoc] INFO  o.e.m.c.i.e.AbstractTransferListenerAdapter - Downloaded https://repo.maven.apache.org/maven2/io/opentelemetry/opentelemetry-exporter-logging/1.48.0/opentelemetry-exporter-logging-1.48.0-sources.jar
2025-03-28 11:12:11,538 [Worker-34: Download sources and javadoc] INFO  o.e.m.j.internal.DownloadSourcesJob - Downloaded sources for io.opentelemetry:opentelemetry-exporter-logging:1.48.0
2025-03-28 11:12:11,659 [Worker-34: Download sources and javadoc] INFO  o.e.m.c.i.e.AbstractTransferListenerAdapter - Downloading https://repo.maven.apache.org/maven2/io/opentelemetry/opentelemetry-sdk-common/1.48.0/opentelemetry-sdk-common-1.48.0-sources.jar
2025-03-28 11:12:12,663 [Worker-34: Download sources and javadoc] INFO  o.e.m.c.i.e.AbstractTransferListenerAdapter - Downloaded https://repo.maven.apache.org/maven2/io/opentelemetry/opentelemetry-sdk-common/1.48.0/opentelemetry-sdk-common-1.48.0-sources.jar
2025-03-28 11:12:12,668 [Worker-34: Download sources and javadoc] INFO  o.e.m.j.internal.DownloadSourcesJob - Downloaded sources for io.opentelemetry:opentelemetry-sdk-common:1.48.0
2025-03-28 11:12:12,842 [Worker-34: Download sources and javadoc] INFO  o.e.m.c.i.e.AbstractTransferListenerAdapter - Downloading https://repo.maven.apache.org/maven2/io/opentelemetry/opentelemetry-sdk-extension-autoconfigure-spi/1.48.0/opentelemetry-sdk-extension-autoconfigure-spi-1.48.0-sources.jar
2025-03-28 11:12:13,313 [Worker-34: Download sources and javadoc] INFO  o.e.m.c.i.e.AbstractTransferListenerAdapter - Downloaded https://repo.maven.apache.org/maven2/io/opentelemetry/opentelemetry-sdk-extension-autoconfigure-spi/1.48.0/opentelemetry-sdk-extension-autoconfigure-spi-1.48.0-sources.jar
2025-03-28 11:12:13,319 [Worker-34: Download sources and javadoc] INFO  o.e.m.j.internal.DownloadSourcesJob - Downloaded sources for io.opentelemetry:opentelemetry-sdk-extension-autoconfigure-spi:1.48.0
2025-03-28 11:12:13,460 [Worker-34: Download sources and javadoc] INFO  o.e.m.c.i.e.AbstractTransferListenerAdapter - Downloading https://repo.maven.apache.org/maven2/io/opentelemetry/opentelemetry-sdk-extension-autoconfigure/1.48.0/opentelemetry-sdk-extension-autoconfigure-1.48.0-sources.jar
2025-03-28 11:12:13,966 [Worker-34: Download sources and javadoc] INFO  o.e.m.c.i.e.AbstractTransferListenerAdapter - Downloaded https://repo.maven.apache.org/maven2/io/opentelemetry/opentelemetry-sdk-extension-autoconfigure/1.48.0/opentelemetry-sdk-extension-autoconfigure-1.48.0-sources.jar
2025-03-28 11:12:13,971 [Worker-34: Download sources and javadoc] INFO  o.e.m.j.internal.DownloadSourcesJob - Downloaded sources for io.opentelemetry:opentelemetry-sdk-extension-autoconfigure:1.48.0
2025-03-28 11:12:14,107 [Worker-34: Download sources and javadoc] INFO  o.e.m.c.i.e.AbstractTransferListenerAdapter - Downloading https://repo.maven.apache.org/maven2/io/opentelemetry/opentelemetry-sdk-trace/1.48.0/opentelemetry-sdk-trace-1.48.0-sources.jar
2025-03-28 11:12:14,231 [Worker-34: Download sources and javadoc] INFO  o.e.m.c.i.e.AbstractTransferListenerAdapter - Downloaded https://repo.maven.apache.org/maven2/io/opentelemetry/opentelemetry-sdk-trace/1.48.0/opentelemetry-sdk-trace-1.48.0-sources.jar
2025-03-28 11:12:14,236 [Worker-34: Download sources and javadoc] INFO  o.e.m.j.internal.DownloadSourcesJob - Downloaded sources for io.opentelemetry:opentelemetry-sdk-trace:1.48.0
2025-03-28 11:12:14,389 [Worker-34: Download sources and javadoc] INFO  o.e.m.c.i.e.AbstractTransferListenerAdapter - Downloading https://repo.maven.apache.org/maven2/io/opentelemetry/opentelemetry-sdk/1.48.0/opentelemetry-sdk-1.48.0-sources.jar
2025-03-28 11:12:14,541 [Worker-34: Download sources and javadoc] INFO  o.e.m.c.i.e.AbstractTransferListenerAdapter - Downloaded https://repo.maven.apache.org/maven2/io/opentelemetry/opentelemetry-sdk/1.48.0/opentelemetry-sdk-1.48.0-sources.jar
2025-03-28 11:12:14,545 [Worker-34: Download sources and javadoc] INFO  o.e.m.j.internal.DownloadSourcesJob - Downloaded sources for io.opentelemetry:opentelemetry-sdk:1.48.0
2025-03-28 11:12:14,713 [Worker-34: Download sources and javadoc] INFO  o.e.m.c.i.e.AbstractTransferListenerAdapter - Downloading https://repo.maven.apache.org/maven2/io/opentelemetry/opentelemetry-sdk-metrics/1.48.0/opentelemetry-sdk-metrics-1.48.0-sources.jar
2025-03-28 11:12:14,933 [Worker-34: Download sources and javadoc] INFO  o.e.m.c.i.e.AbstractTransferListenerAdapter - Downloaded https://repo.maven.apache.org/maven2/io/opentelemetry/opentelemetry-sdk-metrics/1.48.0/opentelemetry-sdk-metrics-1.48.0-sources.jar
2025-03-28 11:12:14,938 [Worker-34: Download sources and javadoc] INFO  o.e.m.j.internal.DownloadSourcesJob - Downloaded sources for io.opentelemetry:opentelemetry-sdk-metrics:1.48.0
2025-03-28 11:12:15,132 [Worker-34: Download sources and javadoc] INFO  o.e.m.c.i.e.AbstractTransferListenerAdapter - Downloading https://repo.maven.apache.org/maven2/io/opentelemetry/opentelemetry-sdk-logs/1.48.0/opentelemetry-sdk-logs-1.48.0-sources.jar
2025-03-28 11:12:15,955 [Worker-34: Download sources and javadoc] INFO  o.e.m.c.i.e.AbstractTransferListenerAdapter - Downloaded https://repo.maven.apache.org/maven2/io/opentelemetry/opentelemetry-sdk-logs/1.48.0/opentelemetry-sdk-logs-1.48.0-sources.jar
2025-03-28 11:12:15,959 [Worker-34: Download sources and javadoc] INFO  o.e.m.j.internal.DownloadSourcesJob - Downloaded sources for io.opentelemetry:opentelemetry-sdk-logs:1.48.0
2025-03-28 11:12:16,118 [Worker-34: Download sources and javadoc] INFO  o.e.m.c.i.e.AbstractTransferListenerAdapter - Downloading https://repo.maven.apache.org/maven2/net/bytebuddy/byte-buddy/1.17.2/byte-buddy-1.17.2-sources.jar
2025-03-28 11:12:16,504 [Worker-34: Download sources and javadoc] INFO  o.e.m.c.i.e.AbstractTransferListenerAdapter - Downloaded https://repo.maven.apache.org/maven2/net/bytebuddy/byte-buddy/1.17.2/byte-buddy-1.17.2-sources.jar
2025-03-28 11:12:16,513 [Worker-34: Download sources and javadoc] INFO  o.e.m.j.internal.DownloadSourcesJob - Downloaded sources for net.bytebuddy:byte-buddy:1.17.2
2025-03-28 11:12:16,646 [Worker-34: Download sources and javadoc] INFO  o.e.m.c.i.e.AbstractTransferListenerAdapter - Downloading https://repo.maven.apache.org/maven2/org/seleniumhq/selenium/selenium-os/4.30.0/selenium-os-4.30.0-sources.jar
2025-03-28 11:12:16,970 [Worker-34: Download sources and javadoc] INFO  o.e.m.c.i.e.AbstractTransferListenerAdapter - Downloaded https://repo.maven.apache.org/maven2/org/seleniumhq/selenium/selenium-os/4.30.0/selenium-os-4.30.0-sources.jar
2025-03-28 11:12:16,975 [Worker-34: Download sources and javadoc] INFO  o.e.m.j.internal.DownloadSourcesJob - Downloaded sources for org.seleniumhq.selenium:selenium-os:4.30.0
2025-03-28 11:12:17,092 [Worker-34: Download sources and javadoc] INFO  o.e.m.c.i.e.AbstractTransferListenerAdapter - Downloading https://repo.maven.apache.org/maven2/org/seleniumhq/selenium/selenium-safari-driver/4.30.0/selenium-safari-driver-4.30.0-sources.jar
2025-03-28 11:12:17,413 [Worker-34: Download sources and javadoc] INFO  o.e.m.c.i.e.AbstractTransferListenerAdapter - Downloaded https://repo.maven.apache.org/maven2/org/seleniumhq/selenium/selenium-safari-driver/4.30.0/selenium-safari-driver-4.30.0-sources.jar
2025-03-28 11:12:17,418 [Worker-34: Download sources and javadoc] INFO  o.e.m.j.internal.DownloadSourcesJob - Downloaded sources for org.seleniumhq.selenium:selenium-safari-driver:4.30.0
2025-03-28 11:12:17,521 [Worker-34: Download sources and javadoc] INFO  o.e.m.c.i.e.AbstractTransferListenerAdapter - Downloading https://repo.maven.apache.org/maven2/org/seleniumhq/selenium/selenium-support/4.30.0/selenium-support-4.30.0-sources.jar
2025-03-28 11:12:17,599 [Worker-34: Download sources and javadoc] INFO  o.e.m.c.i.e.AbstractTransferListenerAdapter - Downloaded https://repo.maven.apache.org/maven2/org/seleniumhq/selenium/selenium-support/4.30.0/selenium-support-4.30.0-sources.jar
2025-03-28 11:12:17,603 [Worker-34: Download sources and javadoc] INFO  o.e.m.j.internal.DownloadSourcesJob - Downloaded sources for org.seleniumhq.selenium:selenium-support:4.30.0
2025-03-28 11:12:17,732 [Worker-34: Download sources and javadoc] INFO  o.e.m.c.i.e.AbstractTransferListenerAdapter - Downloading https://repo.maven.apache.org/maven2/io/cucumber/cucumber-java/7.21.1/cucumber-java-7.21.1-sources.jar
2025-03-28 11:12:17,908 [Worker-34: Download sources and javadoc] INFO  o.e.m.c.i.e.AbstractTransferListenerAdapter - Downloaded https://repo.maven.apache.org/maven2/io/cucumber/cucumber-java/7.21.1/cucumber-java-7.21.1-sources.jar
2025-03-28 11:12:17,914 [Worker-34: Download sources and javadoc] INFO  o.e.m.j.internal.DownloadSourcesJob - Downloaded sources for io.cucumber:cucumber-java:7.21.1
2025-03-28 11:12:18,047 [Worker-34: Download sources and javadoc] INFO  o.e.m.c.i.e.AbstractTransferListenerAdapter - Downloading https://repo.maven.apache.org/maven2/io/cucumber/cucumber-core/7.21.1/cucumber-core-7.21.1-sources.jar
2025-03-28 11:12:18,291 [Worker-34: Download sources and javadoc] INFO  o.e.m.c.i.e.AbstractTransferListenerAdapter - Downloaded https://repo.maven.apache.org/maven2/io/cucumber/cucumber-core/7.21.1/cucumber-core-7.21.1-sources.jar
2025-03-28 11:12:18,296 [Worker-34: Download sources and javadoc] INFO  o.e.m.j.internal.DownloadSourcesJob - Downloaded sources for io.cucumber:cucumber-core:7.21.1
2025-03-28 11:12:18,469 [Worker-34: Download sources and javadoc] INFO  o.e.m.c.i.e.AbstractTransferListenerAdapter - Downloading https://repo.maven.apache.org/maven2/io/cucumber/cucumber-gherkin/7.21.1/cucumber-gherkin-7.21.1-sources.jar
2025-03-28 11:12:18,790 [Worker-34: Download sources and javadoc] INFO  o.e.m.c.i.e.AbstractTransferListenerAdapter - Downloaded https://repo.maven.apache.org/maven2/io/cucumber/cucumber-gherkin/7.21.1/cucumber-gherkin-7.21.1-sources.jar
2025-03-28 11:12:18,795 [Worker-34: Download sources and javadoc] INFO  o.e.m.j.internal.DownloadSourcesJob - Downloaded sources for io.cucumber:cucumber-gherkin:7.21.1
2025-03-28 11:12:18,908 [Worker-34: Download sources and javadoc] INFO  o.e.m.c.i.e.AbstractTransferListenerAdapter - Downloading https://repo.maven.apache.org/maven2/io/cucumber/cucumber-gherkin-messages/7.21.1/cucumber-gherkin-messages-7.21.1-sources.jar
2025-03-28 11:12:19,343 [Worker-34: Download sources and javadoc] INFO  o.e.m.c.i.e.AbstractTransferListenerAdapter - Downloaded https://repo.maven.apache.org/maven2/io/cucumber/cucumber-gherkin-messages/7.21.1/cucumber-gherkin-messages-7.21.1-sources.jar
2025-03-28 11:12:19,349 [Worker-34: Download sources and javadoc] INFO  o.e.m.j.internal.DownloadSourcesJob - Downloaded sources for io.cucumber:cucumber-gherkin-messages:7.21.1
2025-03-28 11:12:19,451 [Worker-34: Download sources and javadoc] INFO  o.e.m.c.i.e.AbstractTransferListenerAdapter - Downloading https://repo.maven.apache.org/maven2/io/cucumber/gherkin/31.0.0/gherkin-31.0.0-sources.jar
2025-03-28 11:12:20,085 [Worker-34: Download sources and javadoc] INFO  o.e.m.c.i.e.AbstractTransferListenerAdapter - Downloaded https://repo.maven.apache.org/maven2/io/cucumber/gherkin/31.0.0/gherkin-31.0.0-sources.jar
2025-03-28 11:12:20,091 [Worker-34: Download sources and javadoc] INFO  o.e.m.j.internal.DownloadSourcesJob - Downloaded sources for io.cucumber:gherkin:31.0.0
2025-03-28 11:12:20,220 [Worker-34: Download sources and javadoc] INFO  o.e.m.c.i.e.AbstractTransferListenerAdapter - Downloading https://repo.maven.apache.org/maven2/io/cucumber/messages/27.2.0/messages-27.2.0-sources.jar
2025-03-28 11:12:20,328 [Worker-34: Download sources and javadoc] INFO  o.e.m.c.i.e.AbstractTransferListenerAdapter - Downloaded https://repo.maven.apache.org/maven2/io/cucumber/messages/27.2.0/messages-27.2.0-sources.jar
2025-03-28 11:12:20,333 [Worker-34: Download sources and javadoc] INFO  o.e.m.j.internal.DownloadSourcesJob - Downloaded sources for io.cucumber:messages:27.2.0
2025-03-28 11:12:20,461 [Worker-34: Download sources and javadoc] INFO  o.e.m.c.i.e.AbstractTransferListenerAdapter - Downloading https://repo.maven.apache.org/maven2/io/cucumber/testng-xml-formatter/0.3.1/testng-xml-formatter-0.3.1-sources.jar
2025-03-28 11:12:20,645 [Worker-34: Download sources and javadoc] INFO  o.e.m.c.i.e.AbstractTransferListenerAdapter - Downloaded https://repo.maven.apache.org/maven2/io/cucumber/testng-xml-formatter/0.3.1/testng-xml-formatter-0.3.1-sources.jar
2025-03-28 11:12:20,649 [Worker-34: Download sources and javadoc] INFO  o.e.m.j.internal.DownloadSourcesJob - Downloaded sources for io.cucumber:testng-xml-formatter:0.3.1
2025-03-28 11:12:20,715 [Worker-34: Download sources and javadoc] INFO  o.e.m.c.i.e.AbstractTransferListenerAdapter - Downloading https://repo.maven.apache.org/maven2/io/cucumber/query/13.2.0/query-13.2.0-sources.jar
2025-03-28 11:12:20,992 [Worker-34: Download sources and javadoc] INFO  o.e.m.c.i.e.AbstractTransferListenerAdapter - Downloaded https://repo.maven.apache.org/maven2/io/cucumber/query/13.2.0/query-13.2.0-sources.jar
2025-03-28 11:12:20,997 [Worker-34: Download sources and javadoc] INFO  o.e.m.j.internal.DownloadSourcesJob - Downloaded sources for io.cucumber:query:13.2.0
2025-03-28 11:12:21,063 [Worker-34: Download sources and javadoc] INFO  o.e.m.c.i.e.AbstractTransferListenerAdapter - Downloading https://repo.maven.apache.org/maven2/io/cucumber/tag-expressions/6.1.2/tag-expressions-6.1.2-sources.jar
2025-03-28 11:12:21,226 [Worker-34: Download sources and javadoc] INFO  o.e.m.c.i.e.AbstractTransferListenerAdapter - Downloaded https://repo.maven.apache.org/maven2/io/cucumber/tag-expressions/6.1.2/tag-expressions-6.1.2-sources.jar
2025-03-28 11:12:21,231 [Worker-34: Download sources and javadoc] INFO  o.e.m.j.internal.DownloadSourcesJob - Downloaded sources for io.cucumber:tag-expressions:6.1.2
2025-03-28 11:12:21,295 [Worker-34: Download sources and javadoc] INFO  o.e.m.c.i.e.AbstractTransferListenerAdapter - Downloading https://repo.maven.apache.org/maven2/io/cucumber/cucumber-expressions/18.0.1/cucumber-expressions-18.0.1-sources.jar
2025-03-28 11:12:21,887 [Worker-34: Download sources and javadoc] INFO  o.e.m.c.i.e.AbstractTransferListenerAdapter - Downloaded https://repo.maven.apache.org/maven2/io/cucumber/cucumber-expressions/18.0.1/cucumber-expressions-18.0.1-sources.jar
2025-03-28 11:12:21,891 [Worker-34: Download sources and javadoc] INFO  o.e.m.j.internal.DownloadSourcesJob - Downloaded sources for io.cucumber:cucumber-expressions:18.0.1
2025-03-28 11:12:21,946 [Worker-34: Download sources and javadoc] INFO  o.e.m.c.i.e.AbstractTransferListenerAdapter - Downloading https://repo.maven.apache.org/maven2/io/cucumber/datatable/7.21.1/datatable-7.21.1-sources.jar
2025-03-28 11:12:22,353 [Worker-34: Download sources and javadoc] INFO  o.e.m.c.i.e.AbstractTransferListenerAdapter - Downloaded https://repo.maven.apache.org/maven2/io/cucumber/datatable/7.21.1/datatable-7.21.1-sources.jar
2025-03-28 11:12:22,356 [Worker-34: Download sources and javadoc] INFO  o.e.m.j.internal.DownloadSourcesJob - Downloaded sources for io.cucumber:datatable:7.21.1
2025-03-28 11:12:22,414 [Worker-34: Download sources and javadoc] INFO  o.e.m.c.i.e.AbstractTransferListenerAdapter - Downloading https://repo.maven.apache.org/maven2/io/cucumber/cucumber-plugin/7.21.1/cucumber-plugin-7.21.1-sources.jar
2025-03-28 11:12:22,916 [Worker-34: Download sources and javadoc] INFO  o.e.m.c.i.e.AbstractTransferListenerAdapter - Downloaded https://repo.maven.apache.org/maven2/io/cucumber/cucumber-plugin/7.21.1/cucumber-plugin-7.21.1-sources.jar
2025-03-28 11:12:22,920 [Worker-34: Download sources and javadoc] INFO  o.e.m.j.internal.DownloadSourcesJob - Downloaded sources for io.cucumber:cucumber-plugin:7.21.1
2025-03-28 11:12:22,993 [Worker-34: Download sources and javadoc] INFO  o.e.m.c.i.e.AbstractTransferListenerAdapter - Downloading https://repo.maven.apache.org/maven2/io/cucumber/docstring/7.21.1/docstring-7.21.1-sources.jar
2025-03-28 11:12:23,141 [Worker-34: Download sources and javadoc] INFO  o.e.m.c.i.e.AbstractTransferListenerAdapter - Downloaded https://repo.maven.apache.org/maven2/io/cucumber/docstring/7.21.1/docstring-7.21.1-sources.jar
2025-03-28 11:12:23,144 [Worker-34: Download sources and javadoc] INFO  o.e.m.j.internal.DownloadSourcesJob - Downloaded sources for io.cucumber:docstring:7.21.1
2025-03-28 11:12:23,208 [Worker-34: Download sources and javadoc] INFO  o.e.m.c.i.e.AbstractTransferListenerAdapter - Downloading https://repo.maven.apache.org/maven2/io/cucumber/html-formatter/21.9.0/html-formatter-21.9.0-sources.jar
2025-03-28 11:12:23,302 [Worker-34: Download sources and javadoc] INFO  o.e.m.c.i.e.AbstractTransferListenerAdapter - Downloaded https://repo.maven.apache.org/maven2/io/cucumber/html-formatter/21.9.0/html-formatter-21.9.0-sources.jar
2025-03-28 11:12:23,305 [Worker-34: Download sources and javadoc] INFO  o.e.m.j.internal.DownloadSourcesJob - Downloaded sources for io.cucumber:html-formatter:21.9.0
2025-03-28 11:12:23,362 [Worker-34: Download sources and javadoc] INFO  o.e.m.c.i.e.AbstractTransferListenerAdapter - Downloading https://repo.maven.apache.org/maven2/io/cucumber/junit-xml-formatter/0.7.1/junit-xml-formatter-0.7.1-sources.jar
2025-03-28 11:12:23,461 [Worker-34: Download sources and javadoc] INFO  o.e.m.c.i.e.AbstractTransferListenerAdapter - Downloaded https://repo.maven.apache.org/maven2/io/cucumber/junit-xml-formatter/0.7.1/junit-xml-formatter-0.7.1-sources.jar
2025-03-28 11:12:23,463 [Worker-34: Download sources and javadoc] INFO  o.e.m.j.internal.DownloadSourcesJob - Downloaded sources for io.cucumber:junit-xml-formatter:0.7.1
2025-03-28 11:12:23,530 [Worker-34: Download sources and javadoc] INFO  o.e.m.c.i.e.AbstractTransferListenerAdapter - Downloading https://repo.maven.apache.org/maven2/io/cucumber/cucumber-testng/7.21.1/cucumber-testng-7.21.1-sources.jar
2025-03-28 11:12:23,742 [Worker-34: Download sources and javadoc] INFO  o.e.m.c.i.e.AbstractTransferListenerAdapter - Downloaded https://repo.maven.apache.org/maven2/io/cucumber/cucumber-testng/7.21.1/cucumber-testng-7.21.1-sources.jar
2025-03-28 11:12:23,748 [Worker-34: Download sources and javadoc] INFO  o.e.m.j.internal.DownloadSourcesJob - Downloaded sources for io.cucumber:cucumber-testng:7.21.1
2025-03-28 11:12:53,520 [Worker-33: Building] WARN  o.e.m.c.i.embedder.EclipseLogger - Using platform encoding (UTF-8 actually) to copy filtered resources, i.e. build is platform dependent!
2025-03-28 11:12:53,521 [Worker-33: Building] INFO  o.e.m.c.i.embedder.EclipseLogger - Copying 0 resource
2025-03-28 11:12:53,523 [Worker-33: Building] WARN  o.e.m.c.i.embedder.EclipseLogger - Using platform encoding (UTF-8 actually) to copy filtered resources, i.e. build is platform dependent!
2025-03-28 11:12:53,524 [Worker-33: Building] INFO  o.e.m.c.i.embedder.EclipseLogger - Copying 1 resource
2025-03-28 11:15:01,205 [Worker-38: Building] WARN  o.e.m.c.i.embedder.EclipseLogger - Using platform encoding (UTF-8 actually) to copy filtered resources, i.e. build is platform dependent!
2025-03-28 11:15:01,207 [Worker-38: Building] INFO  o.e.m.c.i.embedder.EclipseLogger - Copying 0 resource
2025-03-28 11:15:01,210 [Worker-38: Building] WARN  o.e.m.c.i.embedder.EclipseLogger - Using platform encoding (UTF-8 actually) to copy filtered resources, i.e. build is platform dependent!
2025-03-28 11:15:01,212 [Worker-38: Building] INFO  o.e.m.c.i.embedder.EclipseLogger - Copying 1 resource
2025-03-28 11:18:31,206 [Worker-33: Launching Home.feature] WARN  o.e.m.c.i.embedder.EclipseLogger - Using platform encoding (UTF-8 actually) to copy filtered resources, i.e. build is platform dependent!
2025-03-28 11:18:31,207 [Worker-33: Launching Home.feature] INFO  o.e.m.c.i.embedder.EclipseLogger - Copying 0 resource
2025-03-28 11:18:31,210 [Worker-33: Launching Home.feature] WARN  o.e.m.c.i.embedder.EclipseLogger - Using platform encoding (UTF-8 actually) to copy filtered resources, i.e. build is platform dependent!
2025-03-28 11:18:31,213 [Worker-33: Launching Home.feature] INFO  o.e.m.c.i.embedder.EclipseLogger - Copying 1 resource
2025-03-28 11:19:37,243 [Worker-52: Building] WARN  o.e.m.c.i.embedder.EclipseLogger - Using platform encoding (UTF-8 actually) to copy filtered resources, i.e. build is platform dependent!
2025-03-28 11:19:37,244 [Worker-52: Building] INFO  o.e.m.c.i.embedder.EclipseLogger - Copying 0 resource
2025-03-28 11:19:37,248 [Worker-52: Building] WARN  o.e.m.c.i.embedder.EclipseLogger - Using platform encoding (UTF-8 actually) to copy filtered resources, i.e. build is platform dependent!
2025-03-28 11:19:37,249 [Worker-52: Building] INFO  o.e.m.c.i.embedder.EclipseLogger - Copying 1 resource
2025-03-28 11:34:53,746 [Worker-53: Launching Home.feature] WARN  o.e.m.c.i.embedder.EclipseLogger - Using platform encoding (UTF-8 actually) to copy filtered resources, i.e. build is platform dependent!
2025-03-28 11:34:53,747 [Worker-53: Launching Home.feature] INFO  o.e.m.c.i.embedder.EclipseLogger - Copying 0 resource
2025-03-28 11:34:53,750 [Worker-53: Launching Home.feature] WARN  o.e.m.c.i.embedder.EclipseLogger - Using platform encoding (UTF-8 actually) to copy filtered resources, i.e. build is platform dependent!
2025-03-28 11:34:53,751 [Worker-53: Launching Home.feature] INFO  o.e.m.c.i.embedder.EclipseLogger - Copying 1 resource
2025-03-28 11:52:22,004 [Worker-62: Launching Home.feature] WARN  o.e.m.c.i.embedder.EclipseLogger - Using platform encoding (UTF-8 actually) to copy filtered resources, i.e. build is platform dependent!
2025-03-28 11:52:22,005 [Worker-62: Launching Home.feature] INFO  o.e.m.c.i.embedder.EclipseLogger - Copying 0 resource
2025-03-28 11:52:22,009 [Worker-62: Launching Home.feature] WARN  o.e.m.c.i.embedder.EclipseLogger - Using platform encoding (UTF-8 actually) to copy filtered resources, i.e. build is platform dependent!
2025-03-28 11:52:22,011 [Worker-62: Launching Home.feature] INFO  o.e.m.c.i.embedder.EclipseLogger - Copying 1 resource
2025-03-28 11:56:26,358 [Worker-53: Launching Home.feature] WARN  o.e.m.c.i.embedder.EclipseLogger - Using platform encoding (UTF-8 actually) to copy filtered resources, i.e. build is platform dependent!
2025-03-28 11:56:26,359 [Worker-53: Launching Home.feature] INFO  o.e.m.c.i.embedder.EclipseLogger - Copying 0 resource
2025-03-28 11:56:26,362 [Worker-53: Launching Home.feature] WARN  o.e.m.c.i.embedder.EclipseLogger - Using platform encoding (UTF-8 actually) to copy filtered resources, i.e. build is platform dependent!
2025-03-28 11:56:26,364 [Worker-53: Launching Home.feature] INFO  o.e.m.c.i.embedder.EclipseLogger - Copying 1 resource
2025-03-28 11:59:14,765 [Worker-69: Launching Home.feature] WARN  o.e.m.c.i.embedder.EclipseLogger - Using platform encoding (UTF-8 actually) to copy filtered resources, i.e. build is platform dependent!
2025-03-28 11:59:14,766 [Worker-69: Launching Home.feature] INFO  o.e.m.c.i.embedder.EclipseLogger - Copying 0 resource
2025-03-28 11:59:14,769 [Worker-69: Launching Home.feature] WARN  o.e.m.c.i.embedder.EclipseLogger - Using platform encoding (UTF-8 actually) to copy filtered resources, i.e. build is platform dependent!
2025-03-28 11:59:14,771 [Worker-69: Launching Home.feature] INFO  o.e.m.c.i.embedder.EclipseLogger - Copying 1 resource
2025-03-28 12:31:23,241 [Worker-74: Building] WARN  o.e.m.c.i.embedder.EclipseLogger - Using platform encoding (UTF-8 actually) to copy filtered resources, i.e. build is platform dependent!
2025-03-28 12:31:23,243 [Worker-74: Building] INFO  o.e.m.c.i.embedder.EclipseLogger - Copying 0 resource
2025-03-28 12:31:23,246 [Worker-74: Building] WARN  o.e.m.c.i.embedder.EclipseLogger - Using platform encoding (UTF-8 actually) to copy filtered resources, i.e. build is platform dependent!
2025-03-28 12:31:23,247 [Worker-74: Building] INFO  o.e.m.c.i.embedder.EclipseLogger - Copying 1 resource
2025-03-28 12:32:15,138 [Worker-77: Building] WARN  o.e.m.c.i.embedder.EclipseLogger - Using platform encoding (UTF-8 actually) to copy filtered resources, i.e. build is platform dependent!
2025-03-28 12:32:15,139 [Worker-77: Building] INFO  o.e.m.c.i.embedder.EclipseLogger - Copying 0 resource
2025-03-28 12:32:15,141 [Worker-77: Building] WARN  o.e.m.c.i.embedder.EclipseLogger - Using platform encoding (UTF-8 actually) to copy filtered resources, i.e. build is platform dependent!
2025-03-28 12:32:15,142 [Worker-77: Building] INFO  o.e.m.c.i.embedder.EclipseLogger - Copying 1 resource
2025-03-28 12:37:15,637 [Worker-71: Building] WARN  o.e.m.c.i.embedder.EclipseLogger - Using platform encoding (UTF-8 actually) to copy filtered resources, i.e. build is platform dependent!
2025-03-28 12:37:15,638 [Worker-71: Building] INFO  o.e.m.c.i.embedder.EclipseLogger - Copying 0 resource
2025-03-28 12:37:15,641 [Worker-71: Building] WARN  o.e.m.c.i.embedder.EclipseLogger - Using platform encoding (UTF-8 actually) to copy filtered resources, i.e. build is platform dependent!
2025-03-28 12:37:15,642 [Worker-71: Building] INFO  o.e.m.c.i.embedder.EclipseLogger - Copying 1 resource
2025-03-28 12:37:44,350 [Worker-78: Launching TestRunner] WARN  o.e.m.c.i.embedder.EclipseLogger - Using platform encoding (UTF-8 actually) to copy filtered resources, i.e. build is platform dependent!
2025-03-28 12:37:44,351 [Worker-78: Launching TestRunner] INFO  o.e.m.c.i.embedder.EclipseLogger - Copying 0 resource
2025-03-28 12:37:44,355 [Worker-78: Launching TestRunner] WARN  o.e.m.c.i.embedder.EclipseLogger - Using platform encoding (UTF-8 actually) to copy filtered resources, i.e. build is platform dependent!
2025-03-28 12:37:44,357 [Worker-78: Launching TestRunner] INFO  o.e.m.c.i.embedder.EclipseLogger - Copying 1 resource
2025-03-28 12:39:38,541 [Worker-80: Launching mavenrun-08e9fe74-8597-4d31-a075-fb7c03b16be2] INFO  o.eclipse.m2e.core.internal.Bundles - getClasspathEntries(Bundle=org.eclipse.m2e.maven.runtime_3.8.701.20230209-1606 [271])
2025-03-28 12:39:38,563 [Worker-80: Launching mavenrun-08e9fe74-8597-4d31-a075-fb7c03b16be2] INFO  o.eclipse.m2e.core.internal.Bundles - 	Entry: C:\Users\TLP36\.p2\pool\plugins\org.eclipse.m2e.maven.runtime_3.8.701.20230209-1606
2025-03-28 12:39:38,563 [Worker-80: Launching mavenrun-08e9fe74-8597-4d31-a075-fb7c03b16be2] INFO  o.eclipse.m2e.core.internal.Bundles - 	Entry: C:\Users\TLP36\.p2\pool\plugins\org.eclipse.m2e.maven.runtime_3.8.701.20230209-1606\jars\aether-connector-okhttp-0.17.8.jar
2025-03-28 12:39:38,563 [Worker-80: Launching mavenrun-08e9fe74-8597-4d31-a075-fb7c03b16be2] INFO  o.eclipse.m2e.core.internal.Bundles - 	Entry: C:\Users\TLP36\.p2\pool\plugins\org.eclipse.m2e.maven.runtime_3.8.701.20230209-1606\jars\commons-lang3-3.8.1.jar
2025-03-28 12:39:38,564 [Worker-80: Launching mavenrun-08e9fe74-8597-4d31-a075-fb7c03b16be2] INFO  o.eclipse.m2e.core.internal.Bundles - 	Entry: C:\Users\TLP36\.p2\pool\plugins\org.eclipse.m2e.maven.runtime_3.8.701.20230209-1606\jars\guice-4.2.2-no_aop.jar
2025-03-28 12:39:38,564 [Worker-80: Launching mavenrun-08e9fe74-8597-4d31-a075-fb7c03b16be2] INFO  o.eclipse.m2e.core.internal.Bundles - 	Entry: C:\Users\TLP36\.p2\pool\plugins\org.eclipse.m2e.maven.runtime_3.8.701.20230209-1606\jars\jansi-2.4.0.jar
2025-03-28 12:39:38,564 [Worker-80: Launching mavenrun-08e9fe74-8597-4d31-a075-fb7c03b16be2] INFO  o.eclipse.m2e.core.internal.Bundles - 	Entry: C:\Users\TLP36\.p2\pool\plugins\org.eclipse.m2e.maven.runtime_3.8.701.20230209-1606\jars\maven-artifact-3.8.7.jar
2025-03-28 12:39:38,564 [Worker-80: Launching mavenrun-08e9fe74-8597-4d31-a075-fb7c03b16be2] INFO  o.eclipse.m2e.core.internal.Bundles - 	Entry: C:\Users\TLP36\.p2\pool\plugins\org.eclipse.m2e.maven.runtime_3.8.701.20230209-1606\jars\maven-builder-support-3.8.7.jar
2025-03-28 12:39:38,565 [Worker-80: Launching mavenrun-08e9fe74-8597-4d31-a075-fb7c03b16be2] INFO  o.eclipse.m2e.core.internal.Bundles - 	Entry: C:\Users\TLP36\.p2\pool\plugins\org.eclipse.m2e.maven.runtime_3.8.701.20230209-1606\jars\maven-compat-3.8.7.jar
2025-03-28 12:39:38,565 [Worker-80: Launching mavenrun-08e9fe74-8597-4d31-a075-fb7c03b16be2] INFO  o.eclipse.m2e.core.internal.Bundles - 	Entry: C:\Users\TLP36\.p2\pool\plugins\org.eclipse.m2e.maven.runtime_3.8.701.20230209-1606\jars\maven-core-3.8.7.jar
2025-03-28 12:39:38,565 [Worker-80: Launching mavenrun-08e9fe74-8597-4d31-a075-fb7c03b16be2] INFO  o.eclipse.m2e.core.internal.Bundles - 	Entry: C:\Users\TLP36\.p2\pool\plugins\org.eclipse.m2e.maven.runtime_3.8.701.20230209-1606\jars\maven-embedder-3.8.7.jar
2025-03-28 12:39:38,565 [Worker-80: Launching mavenrun-08e9fe74-8597-4d31-a075-fb7c03b16be2] INFO  o.eclipse.m2e.core.internal.Bundles - 	Entry: C:\Users\TLP36\.p2\pool\plugins\org.eclipse.m2e.maven.runtime_3.8.701.20230209-1606\jars\maven-model-3.8.7.jar
2025-03-28 12:39:38,566 [Worker-80: Launching mavenrun-08e9fe74-8597-4d31-a075-fb7c03b16be2] INFO  o.eclipse.m2e.core.internal.Bundles - 	Entry: C:\Users\TLP36\.p2\pool\plugins\org.eclipse.m2e.maven.runtime_3.8.701.20230209-1606\jars\maven-model-builder-3.8.7.jar
2025-03-28 12:39:38,566 [Worker-80: Launching mavenrun-08e9fe74-8597-4d31-a075-fb7c03b16be2] INFO  o.eclipse.m2e.core.internal.Bundles - 	Entry: C:\Users\TLP36\.p2\pool\plugins\org.eclipse.m2e.maven.runtime_3.8.701.20230209-1606\jars\maven-plugin-api-3.8.7.jar
2025-03-28 12:39:38,566 [Worker-80: Launching mavenrun-08e9fe74-8597-4d31-a075-fb7c03b16be2] INFO  o.eclipse.m2e.core.internal.Bundles - 	Entry: C:\Users\TLP36\.p2\pool\plugins\org.eclipse.m2e.maven.runtime_3.8.701.20230209-1606\jars\maven-repository-metadata-3.8.7.jar
2025-03-28 12:39:38,566 [Worker-80: Launching mavenrun-08e9fe74-8597-4d31-a075-fb7c03b16be2] INFO  o.eclipse.m2e.core.internal.Bundles - 	Entry: C:\Users\TLP36\.p2\pool\plugins\org.eclipse.m2e.maven.runtime_3.8.701.20230209-1606\jars\maven-resolver-api-1.6.3.jar
2025-03-28 12:39:38,567 [Worker-80: Launching mavenrun-08e9fe74-8597-4d31-a075-fb7c03b16be2] INFO  o.eclipse.m2e.core.internal.Bundles - 	Entry: C:\Users\TLP36\.p2\pool\plugins\org.eclipse.m2e.maven.runtime_3.8.701.20230209-1606\jars\maven-resolver-connector-basic-1.6.3.jar
2025-03-28 12:39:38,567 [Worker-80: Launching mavenrun-08e9fe74-8597-4d31-a075-fb7c03b16be2] INFO  o.eclipse.m2e.core.internal.Bundles - 	Entry: C:\Users\TLP36\.p2\pool\plugins\org.eclipse.m2e.maven.runtime_3.8.701.20230209-1606\jars\maven-resolver-impl-1.6.3.jar
2025-03-28 12:39:38,567 [Worker-80: Launching mavenrun-08e9fe74-8597-4d31-a075-fb7c03b16be2] INFO  o.eclipse.m2e.core.internal.Bundles - 	Entry: C:\Users\TLP36\.p2\pool\plugins\org.eclipse.m2e.maven.runtime_3.8.701.20230209-1606\jars\maven-resolver-provider-3.8.7.jar
2025-03-28 12:39:38,567 [Worker-80: Launching mavenrun-08e9fe74-8597-4d31-a075-fb7c03b16be2] INFO  o.eclipse.m2e.core.internal.Bundles - 	Entry: C:\Users\TLP36\.p2\pool\plugins\org.eclipse.m2e.maven.runtime_3.8.701.20230209-1606\jars\maven-resolver-spi-1.6.3.jar
2025-03-28 12:39:38,568 [Worker-80: Launching mavenrun-08e9fe74-8597-4d31-a075-fb7c03b16be2] INFO  o.eclipse.m2e.core.internal.Bundles - 	Entry: C:\Users\TLP36\.p2\pool\plugins\org.eclipse.m2e.maven.runtime_3.8.701.20230209-1606\jars\maven-resolver-transport-wagon-1.6.3.jar
2025-03-28 12:39:38,568 [Worker-80: Launching mavenrun-08e9fe74-8597-4d31-a075-fb7c03b16be2] INFO  o.eclipse.m2e.core.internal.Bundles - 	Entry: C:\Users\TLP36\.p2\pool\plugins\org.eclipse.m2e.maven.runtime_3.8.701.20230209-1606\jars\maven-resolver-util-1.6.3.jar
2025-03-28 12:39:38,568 [Worker-80: Launching mavenrun-08e9fe74-8597-4d31-a075-fb7c03b16be2] INFO  o.eclipse.m2e.core.internal.Bundles - 	Entry: C:\Users\TLP36\.p2\pool\plugins\org.eclipse.m2e.maven.runtime_3.8.701.20230209-1606\jars\maven-settings-3.8.7.jar
2025-03-28 12:39:38,568 [Worker-80: Launching mavenrun-08e9fe74-8597-4d31-a075-fb7c03b16be2] INFO  o.eclipse.m2e.core.internal.Bundles - 	Entry: C:\Users\TLP36\.p2\pool\plugins\org.eclipse.m2e.maven.runtime_3.8.701.20230209-1606\jars\maven-settings-builder-3.8.7.jar
2025-03-28 12:39:38,569 [Worker-80: Launching mavenrun-08e9fe74-8597-4d31-a075-fb7c03b16be2] INFO  o.eclipse.m2e.core.internal.Bundles - 	Entry: C:\Users\TLP36\.p2\pool\plugins\org.eclipse.m2e.maven.runtime_3.8.701.20230209-1606\jars\maven-shared-utils-3.3.4.jar
2025-03-28 12:39:38,569 [Worker-80: Launching mavenrun-08e9fe74-8597-4d31-a075-fb7c03b16be2] INFO  o.eclipse.m2e.core.internal.Bundles - 	Entry: C:\Users\TLP36\.p2\pool\plugins\org.eclipse.m2e.maven.runtime_3.8.701.20230209-1606\jars\okhttp-3.14.1.jar
2025-03-28 12:39:38,569 [Worker-80: Launching mavenrun-08e9fe74-8597-4d31-a075-fb7c03b16be2] INFO  o.eclipse.m2e.core.internal.Bundles - 	Entry: C:\Users\TLP36\.p2\pool\plugins\org.eclipse.m2e.maven.runtime_3.8.701.20230209-1606\jars\okio-1.17.3.jar
2025-03-28 12:39:38,569 [Worker-80: Launching mavenrun-08e9fe74-8597-4d31-a075-fb7c03b16be2] INFO  o.eclipse.m2e.core.internal.Bundles - 	Entry: C:\Users\TLP36\.p2\pool\plugins\org.eclipse.m2e.maven.runtime_3.8.701.20230209-1606\jars\org.eclipse.sisu.inject-0.3.5.jar
2025-03-28 12:39:38,570 [Worker-80: Launching mavenrun-08e9fe74-8597-4d31-a075-fb7c03b16be2] INFO  o.eclipse.m2e.core.internal.Bundles - 	Entry: C:\Users\TLP36\.p2\pool\plugins\org.eclipse.m2e.maven.runtime_3.8.701.20230209-1606\jars\org.eclipse.sisu.plexus-0.3.5.jar
2025-03-28 12:39:38,570 [Worker-80: Launching mavenrun-08e9fe74-8597-4d31-a075-fb7c03b16be2] INFO  o.eclipse.m2e.core.internal.Bundles - 	Entry: C:\Users\TLP36\.p2\pool\plugins\org.eclipse.m2e.maven.runtime_3.8.701.20230209-1606\jars\plexus-build-api-0.0.7.jar
2025-03-28 12:39:38,571 [Worker-80: Launching mavenrun-08e9fe74-8597-4d31-a075-fb7c03b16be2] INFO  o.eclipse.m2e.core.internal.Bundles - 	Entry: C:\Users\TLP36\.p2\pool\plugins\org.eclipse.m2e.maven.runtime_3.8.701.20230209-1606\jars\plexus-cipher-2.0.jar
2025-03-28 12:39:38,571 [Worker-80: Launching mavenrun-08e9fe74-8597-4d31-a075-fb7c03b16be2] INFO  o.eclipse.m2e.core.internal.Bundles - 	Entry: C:\Users\TLP36\.p2\pool\plugins\org.eclipse.m2e.maven.runtime_3.8.701.20230209-1606\jars\plexus-classworlds-2.6.0.jar
2025-03-28 12:39:38,572 [Worker-80: Launching mavenrun-08e9fe74-8597-4d31-a075-fb7c03b16be2] INFO  o.eclipse.m2e.core.internal.Bundles - 	Entry: C:\Users\TLP36\.p2\pool\plugins\org.eclipse.m2e.maven.runtime_3.8.701.20230209-1606\jars\plexus-component-annotations-2.1.0.jar
2025-03-28 12:39:38,572 [Worker-80: Launching mavenrun-08e9fe74-8597-4d31-a075-fb7c03b16be2] INFO  o.eclipse.m2e.core.internal.Bundles - 	Entry: C:\Users\TLP36\.p2\pool\plugins\org.eclipse.m2e.maven.runtime_3.8.701.20230209-1606\jars\plexus-interpolation-1.26.jar
2025-03-28 12:39:38,572 [Worker-80: Launching mavenrun-08e9fe74-8597-4d31-a075-fb7c03b16be2] INFO  o.eclipse.m2e.core.internal.Bundles - 	Entry: C:\Users\TLP36\.p2\pool\plugins\org.eclipse.m2e.maven.runtime_3.8.701.20230209-1606\jars\plexus-sec-dispatcher-2.0.jar
2025-03-28 12:39:38,573 [Worker-80: Launching mavenrun-08e9fe74-8597-4d31-a075-fb7c03b16be2] INFO  o.eclipse.m2e.core.internal.Bundles - 	Entry: C:\Users\TLP36\.p2\pool\plugins\org.eclipse.m2e.maven.runtime_3.8.701.20230209-1606\jars\plexus-utils-3.3.1.jar
2025-03-28 12:39:38,573 [Worker-80: Launching mavenrun-08e9fe74-8597-4d31-a075-fb7c03b16be2] INFO  o.eclipse.m2e.core.internal.Bundles - 	Entry: C:\Users\TLP36\.p2\pool\plugins\org.eclipse.m2e.maven.runtime_3.8.701.20230209-1606\jars\wagon-file-3.5.3.jar
2025-03-28 12:39:38,573 [Worker-80: Launching mavenrun-08e9fe74-8597-4d31-a075-fb7c03b16be2] INFO  o.eclipse.m2e.core.internal.Bundles - 	Entry: C:\Users\TLP36\.p2\pool\plugins\org.eclipse.m2e.maven.runtime_3.8.701.20230209-1606\jars\wagon-provider-api-3.5.3.jar
2025-03-28 12:39:38,575 [Worker-80: Launching mavenrun-08e9fe74-8597-4d31-a075-fb7c03b16be2] INFO  o.eclipse.m2e.core.internal.Bundles - getClasspathEntries(Bundle=com.google.guava_31.1.0.jre [9])
2025-03-28 12:39:38,575 [Worker-80: Launching mavenrun-08e9fe74-8597-4d31-a075-fb7c03b16be2] INFO  o.eclipse.m2e.core.internal.Bundles - 	Entry: C:\Users\TLP36\.p2\pool\plugins\com.google.guava_31.1.0.jre.jar
2025-03-28 12:39:38,576 [Worker-80: Launching mavenrun-08e9fe74-8597-4d31-a075-fb7c03b16be2] INFO  o.eclipse.m2e.core.internal.Bundles - getClasspathEntries(Bundle=slf4j.api_1.7.36 [477])
2025-03-28 12:39:38,577 [Worker-80: Launching mavenrun-08e9fe74-8597-4d31-a075-fb7c03b16be2] INFO  o.eclipse.m2e.core.internal.Bundles - 	Entry: C:\Users\TLP36\.p2\pool\plugins\slf4j.api_1.7.36.jar
2025-03-28 12:39:38,577 [Worker-80: Launching mavenrun-08e9fe74-8597-4d31-a075-fb7c03b16be2] INFO  o.eclipse.m2e.core.internal.Bundles - getClasspathEntries(Bundle=javax.inject_1.0.0.v20220405-0441 [21])
2025-03-28 12:39:38,852 [Worker-80: Launching mavenrun-08e9fe74-8597-4d31-a075-fb7c03b16be2] INFO  o.eclipse.m2e.core.internal.Bundles - 	Entry: C:\Users\TLP36\.p2\pool\plugins\javax.inject_1.0.0.v20220405-0441.jar
2025-03-28 12:39:38,853 [Worker-80: Launching mavenrun-08e9fe74-8597-4d31-a075-fb7c03b16be2] INFO  o.eclipse.m2e.core.internal.Bundles - getClasspathEntries(Bundle=javax.annotation_1.3.5.v20221203-1659 [19])
2025-03-28 12:39:39,220 [Worker-80: Launching mavenrun-08e9fe74-8597-4d31-a075-fb7c03b16be2] INFO  o.eclipse.m2e.core.internal.Bundles - 	Entry: C:\Users\TLP36\.p2\pool\plugins\javax.annotation_1.3.5.v20221203-1659.jar
2025-03-28 12:39:39,220 [Worker-80: Launching mavenrun-08e9fe74-8597-4d31-a075-fb7c03b16be2] INFO  o.eclipse.m2e.core.internal.Bundles - getClasspathEntries(Bundle=org.apache.commons.cli_1.4.0.v20221112-0806 [41])
2025-03-28 12:39:39,234 [Worker-80: Launching mavenrun-08e9fe74-8597-4d31-a075-fb7c03b16be2] INFO  o.eclipse.m2e.core.internal.Bundles - 	Entry: C:\Users\TLP36\.p2\pool\plugins\org.apache.commons.cli_1.4.0.v20221112-0806.jar
2025-03-28 12:39:39,234 [Worker-80: Launching mavenrun-08e9fe74-8597-4d31-a075-fb7c03b16be2] INFO  o.eclipse.m2e.core.internal.Bundles - getClasspathEntries(Bundle=com.google.guava.failureaccess_1.0.1 [11])
2025-03-28 12:39:39,237 [Worker-80: Launching mavenrun-08e9fe74-8597-4d31-a075-fb7c03b16be2] INFO  o.eclipse.m2e.core.internal.Bundles - 	Entry: C:\Users\TLP36\.p2\pool\plugins\com.google.guava.failureaccess_1.0.1.jar
2025-03-28 12:39:39,240 [Worker-80: Launching mavenrun-08e9fe74-8597-4d31-a075-fb7c03b16be2] INFO  o.e.m.i.launch.MavenLaunchDelegate - Run build in "C:\Users\TLP36\AppData\Local\Temp\m2e-archetypeGenerator10617537601930661223":
2025-03-28 12:39:39,240 [Worker-80: Launching mavenrun-08e9fe74-8597-4d31-a075-fb7c03b16be2] INFO  o.e.m.i.launch.MavenLaunchDelegate -  mvn  -DjavaCompilerVersion=17 -DjunitVersion=5.11.0 -DarchetypeGroupId=org.apache.maven.archetypes -DarchetypeArtifactId=maven-archetype-quickstart -DarchetypeVersion=1.5 -DgroupId=TDD1 -DartifactId=TDD1 -Dversion=0.0.1-SNAPSHOT -Dpackage=TDD1.TDD1 -DoutputDirectory=D:\Pratik -Dstyle.color=always -U archetype:generate
2025-03-28 12:39:57,585 [Worker-79: Creating maven-archetype-quickstart] INFO  o.e.m.c.i.p.ProjectConfigurationManager - Collecting project info '/pom.xml' D:\Pratik\TDD1\pom.xml
2025-03-28 12:40:00,644 [Worker-79: Creating maven-archetype-quickstart] INFO  o.e.m.c.i.l.LifecycleMappingFactory - Using org.eclipse.m2e.jdt.JarLifecycleMapping lifecycle mapping for MavenProject: TDD1:TDD1:0.0.1-SNAPSHOT @ D:\Pratik\TDD1\pom.xml.
2025-03-28 12:40:02,730 [Worker-79: Creating maven-archetype-quickstart] INFO  o.e.m.j.i.AbstractJavaProjectConfigurator - Adding source folder /TDD1/src/main/java
2025-03-28 12:40:02,740 [Worker-79: Creating maven-archetype-quickstart] INFO  o.e.m.j.i.AbstractJavaProjectConfigurator - Adding source folder /TDD1/src/test/java
2025-03-28 12:40:02,988 [Worker-79: Creating maven-archetype-quickstart] INFO  o.e.m.c.i.p.ProjectConfigurationManager - Imported and configured 1 project(s) in 5 sec
2025-03-28 12:40:03,728 [Worker-71: Building] INFO  o.a.m.s.f.DefaultMavenResourcesFiltering - skip non existing resourceDirectory D:\Pratik\TDD1\src\main\resources
2025-03-28 12:40:03,733 [Worker-71: Building] INFO  o.a.m.s.f.DefaultMavenResourcesFiltering - skip non existing resourceDirectory D:\Pratik\TDD1\src\test\resources
2025-03-28 12:40:44,952 [Worker-81: Building] INFO  o.a.m.s.f.DefaultMavenResourcesFiltering - skip non existing resourceDirectory D:\Pratik\TDD1\src\main\resources
2025-03-28 12:40:44,955 [Worker-81: Building] INFO  o.a.m.s.f.DefaultMavenResourcesFiltering - skip non existing resourceDirectory D:\Pratik\TDD1\src\test\resources
2025-03-28 12:40:54,265 [Worker-78: Building] INFO  o.a.m.s.f.DefaultMavenResourcesFiltering - skip non existing resourceDirectory D:\Pratik\TDD1\src\main\resources
2025-03-28 12:40:54,270 [Worker-78: Building] INFO  o.a.m.s.f.DefaultMavenResourcesFiltering - skip non existing resourceDirectory D:\Pratik\TDD1\src\test\resources
2025-03-28 13:33:59,157 [Worker-81: Building] INFO  o.a.m.s.f.DefaultMavenResourcesFiltering - skip non existing resourceDirectory D:\Pratik\TDD1\src\main\resources
2025-03-28 13:33:59,161 [Worker-81: Building] INFO  o.a.m.s.f.DefaultMavenResourcesFiltering - skip non existing resourceDirectory D:\Pratik\TDD1\src\test\resources
2025-03-28 13:34:10,857 [Worker-81: Building] INFO  o.a.m.s.f.DefaultMavenResourcesFiltering - skip non existing resourceDirectory D:\Pratik\TDD1\src\main\resources
2025-03-28 13:34:10,860 [Worker-81: Building] INFO  o.a.m.s.f.DefaultMavenResourcesFiltering - skip non existing resourceDirectory D:\Pratik\TDD1\src\test\resources
2025-03-28 13:47:43,230 [Worker-82: Building] INFO  o.a.m.s.f.DefaultMavenResourcesFiltering - skip non existing resourceDirectory D:\Pratik\TDD1\src\main\resources
2025-03-28 13:47:43,234 [Worker-82: Building] INFO  o.a.m.s.f.DefaultMavenResourcesFiltering - skip non existing resourceDirectory D:\Pratik\TDD1\src\test\resources
2025-03-28 13:47:59,987 [Worker-86: Building] INFO  o.a.m.s.f.DefaultMavenResourcesFiltering - skip non existing resourceDirectory D:\Pratik\TDD1\src\main\resources
2025-03-28 13:47:59,991 [Worker-86: Building] INFO  o.a.m.s.f.DefaultMavenResourcesFiltering - skip non existing resourceDirectory D:\Pratik\TDD1\src\test\resources
2025-03-28 13:48:48,845 [Worker-82: Building] INFO  o.a.m.s.f.DefaultMavenResourcesFiltering - skip non existing resourceDirectory D:\Pratik\TDD1\src\main\resources
2025-03-28 13:48:48,848 [Worker-82: Building] INFO  o.a.m.s.f.DefaultMavenResourcesFiltering - skip non existing resourceDirectory D:\Pratik\TDD1\src\test\resources
2025-03-28 14:03:40,616 [Worker-83: Building] INFO  o.a.m.s.f.DefaultMavenResourcesFiltering - skip non existing resourceDirectory D:\Pratik\TDD1\src\main\resources
2025-03-28 14:03:40,619 [Worker-83: Building] INFO  o.a.m.s.f.DefaultMavenResourcesFiltering - skip non existing resourceDirectory D:\Pratik\TDD1\src\test\resources
2025-03-28 14:06:43,647 [Worker-90: Building] INFO  o.a.m.s.f.DefaultMavenResourcesFiltering - skip non existing resourceDirectory D:\Pratik\TDD1\src\main\resources
2025-03-28 14:06:43,650 [Worker-90: Building] INFO  o.a.m.s.f.DefaultMavenResourcesFiltering - skip non existing resourceDirectory D:\Pratik\TDD1\src\test\resources
2025-03-28 14:12:11,905 [Worker-89: Building] INFO  o.e.m.c.i.l.LifecycleMappingFactory - Using org.eclipse.m2e.jdt.JarLifecycleMapping lifecycle mapping for MavenProject: TDD1:TDD1:0.0.1-SNAPSHOT @ D:\Pratik\TDD1\pom.xml.
2025-03-28 14:12:13,576 [Worker-89: Building] INFO  o.a.m.s.f.DefaultMavenResourcesFiltering - skip non existing resourceDirectory D:\Pratik\TDD1\src\main\resources
2025-03-28 14:12:13,581 [Worker-89: Building] INFO  o.a.m.s.f.DefaultMavenResourcesFiltering - skip non existing resourceDirectory D:\Pratik\TDD1\src\test\resources
2025-03-28 14:12:21,031 [Worker-97: Building] INFO  o.a.m.s.f.DefaultMavenResourcesFiltering - skip non existing resourceDirectory D:\Pratik\TDD1\src\main\resources
2025-03-28 14:12:21,034 [Worker-97: Building] INFO  o.a.m.s.f.DefaultMavenResourcesFiltering - skip non existing resourceDirectory D:\Pratik\TDD1\src\test\resources
2025-03-28 14:23:46,869 [Worker-101: Building] INFO  o.a.m.s.f.DefaultMavenResourcesFiltering - skip non existing resourceDirectory D:\Pratik\TDD1\src\main\resources
2025-03-28 14:23:46,872 [Worker-101: Building] INFO  o.a.m.s.f.DefaultMavenResourcesFiltering - skip non existing resourceDirectory D:\Pratik\TDD1\src\test\resources
2025-03-28 14:24:01,059 [Worker-102: Building] INFO  o.a.m.s.f.DefaultMavenResourcesFiltering - skip non existing resourceDirectory D:\Pratik\TDD1\src\main\resources
2025-03-28 14:24:01,062 [Worker-102: Building] INFO  o.a.m.s.f.DefaultMavenResourcesFiltering - skip non existing resourceDirectory D:\Pratik\TDD1\src\test\resources
2025-03-28 14:27:23,628 [Worker-103: Building] INFO  o.a.m.s.f.DefaultMavenResourcesFiltering - skip non existing resourceDirectory D:\Pratik\TDD1\src\main\resources
2025-03-28 14:27:23,632 [Worker-103: Building] INFO  o.a.m.s.f.DefaultMavenResourcesFiltering - skip non existing resourceDirectory D:\Pratik\TDD1\src\test\resources
2025-03-28 14:28:39,410 [Worker-105: Building] INFO  o.a.m.s.f.DefaultMavenResourcesFiltering - skip non existing resourceDirectory D:\Pratik\TDD1\src\main\resources
2025-03-28 14:28:39,413 [Worker-105: Building] INFO  o.a.m.s.f.DefaultMavenResourcesFiltering - skip non existing resourceDirectory D:\Pratik\TDD1\src\test\resources
2025-03-28 14:29:12,128 [Worker-100: Building] INFO  o.a.m.s.f.DefaultMavenResourcesFiltering - skip non existing resourceDirectory D:\Pratik\TDD1\src\main\resources
2025-03-28 14:29:12,131 [Worker-100: Building] INFO  o.a.m.s.f.DefaultMavenResourcesFiltering - skip non existing resourceDirectory D:\Pratik\TDD1\src\test\resources
2025-03-28 14:30:12,370 [Worker-105: Building] INFO  o.a.m.s.f.DefaultMavenResourcesFiltering - skip non existing resourceDirectory D:\Pratik\TDD1\src\main\resources
2025-03-28 14:30:12,373 [Worker-105: Building] INFO  o.a.m.s.f.DefaultMavenResourcesFiltering - skip non existing resourceDirectory D:\Pratik\TDD1\src\test\resources
2025-03-28 16:48:03,988 [Worker-109: Building] INFO  o.a.m.s.f.DefaultMavenResourcesFiltering - skip non existing resourceDirectory D:\Pratik\TDD1\src\main\resources
2025-03-28 16:48:03,992 [Worker-109: Building] INFO  o.a.m.s.f.DefaultMavenResourcesFiltering - skip non existing resourceDirectory D:\Pratik\TDD1\src\test\resources
2025-03-28 16:48:10,430 [Worker-109: Building] INFO  o.a.m.s.f.DefaultMavenResourcesFiltering - skip non existing resourceDirectory D:\Pratik\TDD1\src\main\resources
2025-03-28 16:48:10,433 [Worker-109: Building] INFO  o.a.m.s.f.DefaultMavenResourcesFiltering - skip non existing resourceDirectory D:\Pratik\TDD1\src\test\resources
2025-03-28 16:49:02,691 [Worker-110: Building] INFO  o.a.m.s.f.DefaultMavenResourcesFiltering - skip non existing resourceDirectory D:\Pratik\TDD1\src\main\resources
2025-03-28 16:49:02,694 [Worker-110: Building] INFO  o.a.m.s.f.DefaultMavenResourcesFiltering - skip non existing resourceDirectory D:\Pratik\TDD1\src\test\resources
2025-03-28 16:49:05,758 [Worker-107: Building] INFO  o.a.m.s.f.DefaultMavenResourcesFiltering - skip non existing resourceDirectory D:\Pratik\TDD1\src\main\resources
2025-03-28 16:49:05,760 [Worker-107: Building] INFO  o.a.m.s.f.DefaultMavenResourcesFiltering - skip non existing resourceDirectory D:\Pratik\TDD1\src\test\resources
2025-03-28 16:49:08,355 [Worker-100: Building] INFO  o.a.m.s.f.DefaultMavenResourcesFiltering - skip non existing resourceDirectory D:\Pratik\TDD1\src\main\resources
2025-03-28 16:49:08,357 [Worker-100: Building] INFO  o.a.m.s.f.DefaultMavenResourcesFiltering - skip non existing resourceDirectory D:\Pratik\TDD1\src\test\resources
2025-03-28 16:49:39,553 [Worker-110: Building] INFO  o.a.m.s.f.DefaultMavenResourcesFiltering - skip non existing resourceDirectory D:\Pratik\TDD1\src\main\resources
2025-03-28 16:49:39,555 [Worker-110: Building] INFO  o.a.m.s.f.DefaultMavenResourcesFiltering - skip non existing resourceDirectory D:\Pratik\TDD1\src\test\resources
2025-03-28 16:49:42,849 [Worker-110: Building] INFO  o.a.m.s.f.DefaultMavenResourcesFiltering - skip non existing resourceDirectory D:\Pratik\TDD1\src\main\resources
2025-03-28 16:49:42,851 [Worker-110: Building] INFO  o.a.m.s.f.DefaultMavenResourcesFiltering - skip non existing resourceDirectory D:\Pratik\TDD1\src\test\resources
2025-03-28 16:50:41,626 [Worker-107: Building] INFO  o.a.m.s.f.DefaultMavenResourcesFiltering - skip non existing resourceDirectory D:\Pratik\TDD1\src\main\resources
2025-03-28 16:50:41,630 [Worker-107: Building] INFO  o.a.m.s.f.DefaultMavenResourcesFiltering - skip non existing resourceDirectory D:\Pratik\TDD1\src\test\resources
2025-03-28 16:51:05,032 [Worker-111: Building] INFO  o.a.m.s.f.DefaultMavenResourcesFiltering - skip non existing resourceDirectory D:\Pratik\TDD1\src\main\resources
2025-03-28 16:51:05,033 [Worker-111: Building] INFO  o.a.m.s.f.DefaultMavenResourcesFiltering - skip non existing resourceDirectory D:\Pratik\TDD1\src\test\resources
2025-03-28 16:51:19,229 [Worker-109: Building] INFO  o.a.m.s.f.DefaultMavenResourcesFiltering - skip non existing resourceDirectory D:\Pratik\TDD1\src\main\resources
2025-03-28 16:51:19,232 [Worker-109: Building] INFO  o.a.m.s.f.DefaultMavenResourcesFiltering - skip non existing resourceDirectory D:\Pratik\TDD1\src\test\resources
2025-03-28 16:51:34,148 [Worker-110: Launching HomePageTest.verify_user_able_to_enter] INFO  o.a.m.s.f.DefaultMavenResourcesFiltering - skip non existing resourceDirectory D:\Pratik\TDD1\src\main\resources
2025-03-28 16:51:34,151 [Worker-110: Launching HomePageTest.verify_user_able_to_enter] INFO  o.a.m.s.f.DefaultMavenResourcesFiltering - skip non existing resourceDirectory D:\Pratik\TDD1\src\test\resources
2025-03-28 16:52:25,369 [Worker-107: Launching HomePageTest] INFO  o.a.m.s.f.DefaultMavenResourcesFiltering - skip non existing resourceDirectory D:\Pratik\TDD1\src\main\resources
2025-03-28 16:52:25,373 [Worker-107: Launching HomePageTest] INFO  o.a.m.s.f.DefaultMavenResourcesFiltering - skip non existing resourceDirectory D:\Pratik\TDD1\src\test\resources
2025-03-28 16:54:19,121 [Worker-112: Building] INFO  o.a.m.s.f.DefaultMavenResourcesFiltering - skip non existing resourceDirectory D:\Pratik\TDD1\src\main\resources
2025-03-28 16:54:19,124 [Worker-112: Building] INFO  o.a.m.s.f.DefaultMavenResourcesFiltering - skip non existing resourceDirectory D:\Pratik\TDD1\src\test\resources
2025-03-28 16:56:12,716 [Worker-110: Building] INFO  o.a.m.s.f.DefaultMavenResourcesFiltering - skip non existing resourceDirectory D:\Pratik\TDD1\src\main\resources
2025-03-28 16:56:12,718 [Worker-110: Building] INFO  o.a.m.s.f.DefaultMavenResourcesFiltering - skip non existing resourceDirectory D:\Pratik\TDD1\src\test\resources
2025-03-28 16:58:13,126 [Worker-115: Launching HomePageTest] INFO  o.a.m.s.f.DefaultMavenResourcesFiltering - skip non existing resourceDirectory D:\Pratik\TDD1\src\main\resources
2025-03-28 16:58:13,129 [Worker-115: Launching HomePageTest] INFO  o.a.m.s.f.DefaultMavenResourcesFiltering - skip non existing resourceDirectory D:\Pratik\TDD1\src\test\resources
2025-03-28 16:59:29,146 [Worker-117: Launching HomePageTest] INFO  o.a.m.s.f.DefaultMavenResourcesFiltering - skip non existing resourceDirectory D:\Pratik\TDD1\src\main\resources
2025-03-28 16:59:29,161 [Worker-117: Launching HomePageTest] INFO  o.a.m.s.f.DefaultMavenResourcesFiltering - skip non existing resourceDirectory D:\Pratik\TDD1\src\test\resources
2025-03-28 16:59:43,389 [Worker-113: Building] INFO  o.a.m.s.f.DefaultMavenResourcesFiltering - skip non existing resourceDirectory D:\Pratik\TDD1\src\main\resources
2025-03-28 16:59:43,391 [Worker-113: Building] INFO  o.a.m.s.f.DefaultMavenResourcesFiltering - skip non existing resourceDirectory D:\Pratik\TDD1\src\test\resources
2025-03-28 17:02:05,126 [Worker-119: Building] INFO  o.a.m.s.f.DefaultMavenResourcesFiltering - skip non existing resourceDirectory D:\Pratik\TDD1\src\main\resources
2025-03-28 17:02:05,129 [Worker-119: Building] INFO  o.a.m.s.f.DefaultMavenResourcesFiltering - skip non existing resourceDirectory D:\Pratik\TDD1\src\test\resources
2025-03-28 17:05:00,725 [Worker-124: Building] INFO  o.a.m.s.f.DefaultMavenResourcesFiltering - skip non existing resourceDirectory D:\Pratik\TDD1\src\main\resources
2025-03-28 17:05:00,728 [Worker-124: Building] INFO  o.a.m.s.f.DefaultMavenResourcesFiltering - skip non existing resourceDirectory D:\Pratik\TDD1\src\test\resources
